c:\users\turbo\desktop\asteroids\asteroids\debug\vc141.pdb
c:\users\turbo\desktop\asteroids\asteroids\debug\vc141.idb
c:\users\turbo\desktop\asteroids\asteroids\debug\ctexturemgr.obj
c:\users\turbo\desktop\asteroids\asteroids\debug\ctexture.obj
c:\users\turbo\desktop\asteroids\asteroids\debug\csprite.obj
c:\users\turbo\desktop\asteroids\asteroids\debug\csoundmgr.obj
c:\users\turbo\desktop\asteroids\asteroids\debug\csound.obj
c:\users\turbo\desktop\asteroids\asteroids\debug\csdl2wndmanager.obj
c:\users\turbo\desktop\asteroids\asteroids\debug\cplayer.obj
c:\users\turbo\desktop\asteroids\asteroids\debug\cgamestuver.obj
c:\users\turbo\desktop\asteroids\asteroids\debug\cfontmgr.obj
c:\users\turbo\desktop\asteroids\asteroids\debug\cfont.obj
c:\users\turbo\desktop\asteroids\asteroids\debug\cbulletstuver.obj
c:\users\turbo\desktop\asteroids\asteroids\debug\cbkground.obj
c:\users\turbo\desktop\asteroids\asteroids\debug\cenemy.obj
c:\users\turbo\desktop\asteroids\asteroids\debug\asteroidssdl.obj
c:\users\turbo\desktop\asteroids\asteroids\debug\cbuttonmgr.obj
c:\users\turbo\desktop\asteroids\asteroids\debug\cbutton.obj
c:\users\turbo\desktop\asteroids\debug\asteroids.exe
c:\users\turbo\desktop\asteroids\debug\asteroids.ilk
c:\users\turbo\desktop\asteroids\debug\asteroids.pdb
c:\users\turbo\desktop\asteroids\asteroids\debug\asteroids.tlog\cl.command.1.tlog
c:\users\turbo\desktop\asteroids\asteroids\debug\asteroids.tlog\cl.read.1.tlog
c:\users\turbo\desktop\asteroids\asteroids\debug\asteroids.tlog\cl.write.1.tlog
c:\users\turbo\desktop\asteroids\asteroids\debug\asteroids.tlog\link.command.1.tlog
c:\users\turbo\desktop\asteroids\asteroids\debug\asteroids.tlog\link.read.1.tlog
c:\users\turbo\desktop\asteroids\asteroids\debug\asteroids.tlog\link.write.1.tlog
