c:\users\turbo\desktop\coursework\coursework\debug\vc141.pdb
c:\users\turbo\desktop\coursework\coursework\debug\vc141.idb
c:\users\turbo\desktop\coursework\coursework\debug\ctexturemgr.obj
c:\users\turbo\desktop\coursework\coursework\debug\ctexture.obj
c:\users\turbo\desktop\coursework\coursework\debug\csprite.obj
c:\users\turbo\desktop\coursework\coursework\debug\csoundmgr.obj
c:\users\turbo\desktop\coursework\coursework\debug\csound.obj
c:\users\turbo\desktop\coursework\coursework\debug\csdl2wndmanager.obj
c:\users\turbo\desktop\coursework\coursework\debug\cplayer.obj
c:\users\turbo\desktop\coursework\coursework\debug\courseworksdl.obj
c:\users\turbo\desktop\coursework\coursework\debug\cgamestuver.obj
c:\users\turbo\desktop\coursework\coursework\debug\cfontmgr.obj
c:\users\turbo\desktop\coursework\coursework\debug\cfont.obj
c:\users\turbo\desktop\coursework\coursework\debug\cenemy.obj
c:\users\turbo\desktop\coursework\coursework\debug\cbuttonmgr.obj
c:\users\turbo\desktop\coursework\coursework\debug\cbutton.obj
c:\users\turbo\desktop\coursework\coursework\debug\cbulletstuver.obj
c:\users\turbo\desktop\coursework\coursework\debug\cbkground.obj
c:\users\turbo\desktop\coursework\debug\coursework.exe
c:\users\turbo\desktop\coursework\debug\coursework.ilk
c:\users\turbo\desktop\coursework\debug\coursework.pdb
c:\users\turbo\desktop\coursework\coursework\debug\coursework.tlog\cl.command.1.tlog
c:\users\turbo\desktop\coursework\coursework\debug\coursework.tlog\cl.read.1.tlog
c:\users\turbo\desktop\coursework\coursework\debug\coursework.tlog\cl.write.1.tlog
c:\users\turbo\desktop\coursework\coursework\debug\coursework.tlog\link.command.1.tlog
c:\users\turbo\desktop\coursework\coursework\debug\coursework.tlog\link.read.1.tlog
c:\users\turbo\desktop\coursework\coursework\debug\coursework.tlog\link.write.1.tlog
