c:\users\turbo\desktop\coursework\coursework\release\vc141.pdb
c:\users\turbo\desktop\coursework\coursework\release\ctexturemgr.obj
c:\users\turbo\desktop\coursework\coursework\release\ctexture.obj
c:\users\turbo\desktop\coursework\coursework\release\csprite.obj
c:\users\turbo\desktop\coursework\coursework\release\csoundmgr.obj
c:\users\turbo\desktop\coursework\coursework\release\csound.obj
c:\users\turbo\desktop\coursework\coursework\release\csdl2wndmanager.obj
c:\users\turbo\desktop\coursework\coursework\release\cplayer.obj
c:\users\turbo\desktop\coursework\coursework\release\courseworksdl.obj
c:\users\turbo\desktop\coursework\coursework\release\cgamestuver.obj
c:\users\turbo\desktop\coursework\coursework\release\cfontmgr.obj
c:\users\turbo\desktop\coursework\coursework\release\cfont.obj
c:\users\turbo\desktop\coursework\coursework\release\cenemy.obj
c:\users\turbo\desktop\coursework\coursework\release\cbuttonmgr.obj
c:\users\turbo\desktop\coursework\coursework\release\cbutton.obj
c:\users\turbo\desktop\coursework\coursework\release\cbulletstuver.obj
c:\users\turbo\desktop\coursework\coursework\release\cbkground.obj
c:\users\turbo\desktop\coursework\release\coursework.ipdb
c:\users\turbo\desktop\coursework\release\coursework.iobj
c:\users\turbo\desktop\coursework\release\coursework.exe
c:\users\turbo\desktop\coursework\release\coursework.pdb
c:\users\turbo\desktop\coursework\coursework\release\coursework.tlog\cl.command.1.tlog
c:\users\turbo\desktop\coursework\coursework\release\coursework.tlog\cl.read.1.tlog
c:\users\turbo\desktop\coursework\coursework\release\coursework.tlog\cl.write.1.tlog
c:\users\turbo\desktop\coursework\coursework\release\coursework.tlog\coursework.write.1u.tlog
c:\users\turbo\desktop\coursework\coursework\release\coursework.tlog\link.command.1.tlog
c:\users\turbo\desktop\coursework\coursework\release\coursework.tlog\link.read.1.tlog
c:\users\turbo\desktop\coursework\coursework\release\coursework.tlog\link.write.1.tlog
